{"timestamp": "2024-08-22T10:51:30.306580", "action": "buy", "token_address": "LR7TYDeWamU7MsCXFH7ydwJYaZfRJs8pzgCQrh2pump", "price": 1.668947042812354e-07, "tx_hash": "XZDRuEnaBNEeuFAiGyJsqBmVF3uZvFqAQUKsZVKTxsThHxN43LiRqy3T4cSH4dRXGB7c5A4855iYQDLY4BNJJhP"}
{"timestamp": "2024-08-22T10:51:56.116951", "action": "sell", "token_address": "LR7TYDeWamU7MsCXFH7ydwJYaZfRJs8pzgCQrh2pump", "price": 1.668947042812354e-07, "tx_hash": "WQHnEoyztfDf5FJyQRXDGxxtqf2EcMGs8SET43KuYU8Dpdunruku22SHnfiH2xsUi1hTBjC1msvTcnU78fFKrc2"}
{"timestamp": "2025-02-20T13:27:17.087073", "action": "buy", "token_address": "22Qxn55BfPsV98m5pr9QPc8sRXD4FNnXGjFwB3efXyPs", "price": 3.424168995838177e-08, "tx_hash": "5jdumfCnVtYaDKkTz7yqjJFF4r3TTsDHgCc6B7n7X1agdVNaD7vHHuyKzxZh7grvn5V7kPzvJk3pNap898yFYLyt"}
{"timestamp": "2025-02-20T13:28:06.364124", "action": "sell", "token_address": "22Qxn55BfPsV98m5pr9QPc8sRXD4FNnXGjFwB3efXyPs", "price": 3.424168995838177e-08, "tx_hash": "4qsi18cVkh9v5vM7F2rcmG1kCpnPzgVTizomKDDaoJdMFZFA6KLrHmcyCWygBMHWdRpSeoF6g6cvLnTehMh42Xx1"}
{"timestamp": "2025-02-20T13:28:34.311977", "action": "buy", "token_address": "jFPKsGbdHHDoffGHUWwVKsVpuPq6USG8cuCWa2ypump", "price": 2.8230462172014022e-08, "tx_hash": "61CFBqu5NqEycLVC8UTF6PoqQE3hDwkBtbmkkiw9iYAkFwgRzCYdpPM9jdgtSVcrnhKbG6QfQLCPdfowVhF8W4z2"}
{"timestamp": "2025-02-20T13:29:24.709277", "action": "sell", "token_address": "jFPKsGbdHHDoffGHUWwVKsVpuPq6USG8cuCWa2ypump", "price": 2.8230462172014022e-08, "tx_hash": "5subEfb663SEwPQ4G2S3Paj8joBV3hG7jpguqiEQ9PQmUwdLsMd9S6GJ7hHXYLCSdkn7B7oXWd7umCTBz9Tvgizk"}
{"timestamp": "2025-02-20T13:29:49.996701", "action": "buy", "token_address": "Ar5a8EBtBb9tEshFR1cxBa9qyNUPq4qxoaFWqiJK5923", "price": 3.3959244580566604e-08, "tx_hash": "5rig4WMQJ1UkR7yr277NQJ7KTY6fphCe8YtSw3JjiNBqQWh67Cwttxe96aHHYwDHKJHQmJM18vR9HEYuUUNhGKw9"}
{"timestamp": "2025-02-20T13:30:40.181254", "action": "sell", "token_address": "Ar5a8EBtBb9tEshFR1cxBa9qyNUPq4qxoaFWqiJK5923", "price": 3.3959244580566604e-08, "tx_hash": "5YJqLQyPU9dq7hrCgT6pucsXNzdki2pt1wCWY3Eg6cbuuC4uViHKpzQEJe3so1vNc3kjzvNo83yPFSqfQFYde3wP"}
{"timestamp": "2025-02-20T13:31:04.575245", "action": "buy", "token_address": "9bEgkuQymoYz5SCdZaFAcKPzy1SCG5MD5Q4rwYmg2L2L", "price": 3.383038210726932e-08, "tx_hash": "4FoeBLnBPF4Ld865z3cR3hzUhg9KiJQo9Vgwr5B41ZSC6EJUxduGKas48G6HFYefvE9UfprWTXAcANvoAPoAtmRa"}
{"timestamp": "2025-02-20T13:31:54.019401", "action": "sell", "token_address": "9bEgkuQymoYz5SCdZaFAcKPzy1SCG5MD5Q4rwYmg2L2L", "price": 3.383038210726932e-08, "tx_hash": "4XvgbioMSzCVy3XBF8i3L6Ak9B3FiS3YNuH8zVXrEf79DdrZncL4LHkmAZaSeCiUakQfjBUd33yR2uCb1jJ7Hfxs"}
{"timestamp": "2025-02-20T13:32:18.338211", "action": "buy", "token_address": "9hXGaRLBULdWqg8sA9X9kMrxPLMTwLTZrWTpvj1Npump", "price": 3.045660819063681e-08, "tx_hash": "5NDVP35ugjNH1t7FE6RNH8jbF4deP2ks83mpmzjweaqCANjaXZBmtpkzzRaLsYnQbw4W4h7fhaSUm2fzbEcEP7Wy"}
{"timestamp": "2025-02-20T13:33:11.120230", "action": "sell", "token_address": "9hXGaRLBULdWqg8sA9X9kMrxPLMTwLTZrWTpvj1Npump", "price": 3.045660819063681e-08, "tx_hash": "36QBb4Azrnc3riLaJpzocMxgJKfwUNFMNUCdQ3XeB8LtsU6R2da49k5PZvb3AWZJAc1J3ufoLd6tQqrS6XknStrc"}
{"timestamp": "2025-02-20T13:33:37.846426", "action": "buy", "token_address": "69g1U3mf6VRTRKmFGrDrbdYBFP7DuBQPkNZj59XTpump", "price": 3.058498724387834e-08, "tx_hash": "2sAp8kjrDhggaXAsQjWn7onsGtYEMBhNrgnzfw8qnWWAW7FoZygj8Skk4odbRomDDAJMvtmZAaN5DsZYecsAWDWq"}
{"timestamp": "2025-02-20T13:34:26.994748", "action": "sell", "token_address": "69g1U3mf6VRTRKmFGrDrbdYBFP7DuBQPkNZj59XTpump", "price": 3.058498724387834e-08, "tx_hash": "5Bd27tHQe5oxpgPzrZAd8qYMRFHW7TdAg6gm1tKhiL3AWgxE8pgvL9spxxEUutk6ci5NstePWJABzMpUTNkBa6iV"}
{"timestamp": "2025-02-20T13:34:49.373106", "action": "buy", "token_address": "CFswutww2BbYr6pLKXcsZ7aWiD9rsDvpFdtN6JKBpump", "price": 4.040886202164481e-08, "tx_hash": "4zpjjoihBtPiPCrCnmhZ28A8C85QgnV6bzVXLcVF4yDSZ1wTqi14hCMRrfsUrXF7QrtMHuJVKn6Mp7PbeMUq9c3A"}
{"timestamp": "2025-02-20T13:36:07.664182", "action": "buy", "token_address": "DgQdWTykhsboZukeeCckWWTbK5pimxDcQwAtSUiRpump", "price": 3.183702015618393e-08, "tx_hash": "2ZK4SW4PYktRWbt9EpBiL67XU7SCAaSGyEayAsiRvijZMPQpf465713W8uGMGdMYEpTPsggPPsdGy6xDCgPFAZYs"}
{"timestamp": "2025-02-20T13:36:56.253955", "action": "sell", "token_address": "DgQdWTykhsboZukeeCckWWTbK5pimxDcQwAtSUiRpump", "price": 3.183702015618393e-08, "tx_hash": "3bC4USdwU5Hce5XcmYJnuypgeLK4gxt3JgLb4cXrwvSWxAu3qGHR8wt4ihDKuXMZ9DrkDAvDjWmNnMauKEZTB7SN"}
{"timestamp": "2025-02-20T13:37:17.269798", "action": "buy", "token_address": "BHD6LzSGRPxnAfF5ttVPQjhDMjRGLKFbTsUwUfEJpump", "price": 2.9415874056197708e-08, "tx_hash": "2gkavycuiVGzpqRht25Z78Bdd6Z3UngS8mvNE53zQfmhB1M5FD6SRAfFNBpNc9kTBJg3U5cZTHyCXjnyg6638KZg"}
{"timestamp": "2025-02-20T13:38:06.905230", "action": "sell", "token_address": "BHD6LzSGRPxnAfF5ttVPQjhDMjRGLKFbTsUwUfEJpump", "price": 2.9415874056197708e-08, "tx_hash": "2GxXQ5jjM6wTnuqopBvMkT4RSjBrqmbRF2JRWi4Tmdzs11cKnuqmGLBAFWcjta8TRbgAsrmBc9AVWzsCitvTzupm"}
{"timestamp": "2025-02-20T13:38:37.997068", "action": "buy", "token_address": "DuhJcnnt7wnS1Mjm9BU89xorKS5qmEwQd3qWVmkHpump", "price": 3.2556715121665976e-08, "tx_hash": "36gzE2htCwvkyxMRS3iqgcv3oNMohWm8k3QPJpcpAPbpgyJa4pTVJBeDvMQe7xyAf96QE1h3f9hVAtJ2Zo27g5gD"}
{"timestamp": "2025-02-20T13:39:28.547332", "action": "sell", "token_address": "DuhJcnnt7wnS1Mjm9BU89xorKS5qmEwQd3qWVmkHpump", "price": 3.2556715121665976e-08, "tx_hash": "XttyDZTYZdqWG1Jy1QVeUJyRgf4G6Wboh8JvhgSGYB98uCTrwGvRVuKzZjbgNBUjJrq1vxZMRFEDFoPWoXT3c2k"}
{"timestamp": "2025-02-20T13:39:53.395503", "action": "buy", "token_address": "FCa5jE5H2PHAcdhwr6Z7sux1Auswpuw1j7xhTTvPqCgE", "price": 2.818883936069404e-08, "tx_hash": "33hZejw2aRCGAdYgatxLjViXN6WgicafKkuAgGZcx1sQWv2EXzF8aCqZHmmENGTB9TCh37vE6BZ5aESj2RzdC2pX"}
{"timestamp": "2025-02-20T13:41:09.954354", "action": "buy", "token_address": "CTG5soWYeanYqGeh7ESLgjmLbv8gG2XGgaVp6BCpump", "price": 3.051538273593426e-08, "tx_hash": "2LdQJaJhsj9Joj6CSR1U6CY1xvVtZ6BnLRHAjrAXrtSPG4xnkwfuCazpf2aP7MRSwnqb9GUs1UWQQdbpApzCRpqw"}
{"timestamp": "2025-02-20T13:41:59.413146", "action": "sell", "token_address": "CTG5soWYeanYqGeh7ESLgjmLbv8gG2XGgaVp6BCpump", "price": 3.051538273593426e-08, "tx_hash": "46fRTGpWZRnKdLhBJBzgCQ4qiQHfeVhrz49ibWLFJ6FvDymMiD3e6pzeiu3PR9DFLNHvejwPBdZUtqP8U5DWrvcp"}
{"timestamp": "2025-02-20T13:42:23.406980", "action": "buy", "token_address": "7LsEK1gydzpKGbzD72Z3ZF3XYHG5KbZRcYNjY7Q8pump", "price": 3.024591252305731e-08, "tx_hash": "35shm6tF9gqfjr2NLqYTjJ8fh4xw4YjgMERRBLcyPVWx3RenztWpGtqYGGQ9MQcZw5EHcnqAC7EyVsbaWdbZDTSH"}
{"timestamp": "2025-02-20T13:43:12.187631", "action": "sell", "token_address": "7LsEK1gydzpKGbzD72Z3ZF3XYHG5KbZRcYNjY7Q8pump", "price": 3.024591252305731e-08, "tx_hash": "5j2uwv43KjJKPN458faEohAiXEHvQpiuxb1otHcsYQ1JMMSyittsUuhwAkDaAzcgJFNbh29DyB5ba9Tkk2vgfyc1"}
{"timestamp": "2025-02-20T13:43:35.465539", "action": "buy", "token_address": "D7awvTkz37ZEbSmSSRxM1zX34LHXEdy9SjFSDX7Spump", "price": 3.38140498376891e-08, "tx_hash": "3Gj1AFs1uv7UooucnzD6R7dyPMME1CXEWu313JkMX88QJetZoEB3AZFV5Qu1KXLJPB1oU3UTgFfmYhLifoFZfRBu"}
{"timestamp": "2025-02-20T13:44:24.975150", "action": "sell", "token_address": "D7awvTkz37ZEbSmSSRxM1zX34LHXEdy9SjFSDX7Spump", "price": 3.38140498376891e-08, "tx_hash": "368FDPxFQQS8UCWoEUWrVbfGuQqL66XDaNx8NWxoBkiGvRd9a5fkTfpkHeRnUcgaFLKDx1FDjWpw453auFQeQ5jg"}
{"timestamp": "2025-02-20T13:44:48.887236", "action": "buy", "token_address": "FsAH1Lz8PVdfmHiYDuEb3tjdHQBQoNT4DJKhksbLpump", "price": 3.568718491455136e-08, "tx_hash": "4hBW7Bk9F4ZdGyBecHVUtN4prrxZySqNJU9qukPtNVtQVz1waaPk1muFmnJMtbasw9NLLmF64W5aABo8XxrFN9LG"}
{"timestamp": "2025-02-20T13:45:37.938929", "action": "sell", "token_address": "FsAH1Lz8PVdfmHiYDuEb3tjdHQBQoNT4DJKhksbLpump", "price": 3.568718491455136e-08, "tx_hash": "2jiypL6DZDrN1wMqZXjtWh4HDSC4CnJ1r91ujp5t6fMrzkPihERNvtQHFrHvqAkczk8EingHL7xog32YfAry73GF"}
{"timestamp": "2025-02-20T13:46:07.327374", "action": "buy", "token_address": "C6MJVHF9wVRARCuWR9zcXdgkbb8hDG5Cy22L3iafpump", "price": 2.859363695193337e-08, "tx_hash": "2Dv7U3H7AnQZ2Beqwn1wrNP5wbRE73TmYimtkTG7kzYvNX2REha76GzzhQ9xcVzXMy5mTfRCoHafC2wCTXbdhU5N"}
{"timestamp": "2025-02-20T13:46:59.766662", "action": "sell", "token_address": "C6MJVHF9wVRARCuWR9zcXdgkbb8hDG5Cy22L3iafpump", "price": 2.859363695193337e-08, "tx_hash": "2cSMP4HvEWeGPrvmRWXWBrqorQjZRaNB2SbqVdvz6E74oAL2iowc2PByvXfXQz649Gh7ssgK2ZdY29x7u6AJnqQX"}
{"timestamp": "2025-02-20T13:47:22.230961", "action": "buy", "token_address": "23FMQusvp3HYw5317uMXmPoxAzzSzbD7eQLvh61tpump", "price": 2.9890116545286475e-08, "tx_hash": "LVbchAGprUEzecLJW3HvTwVYcYZJi7DiCmKhPrWYqZAuE4pSif8vXBfFKZ3XZHWwpAKYuZdnApnTTmX2QjswrTt"}
{"timestamp": "2025-02-20T13:48:13.331635", "action": "sell", "token_address": "23FMQusvp3HYw5317uMXmPoxAzzSzbD7eQLvh61tpump", "price": 2.9890116545286475e-08, "tx_hash": "tWzvAt5isfRKfMUDGvmpqqxvzaF75KaHTAUxyf8qFSB1TkLFD3TTy5PuMCbvqNnXxhiumcixNssNsfamFB3sptt"}
{"timestamp": "2025-02-20T13:48:40.642917", "action": "buy", "token_address": "FG5Ra37c3jzAwANFwzstsCsa8it56gNR7UUSEe2upump", "price": 3.084675797586632e-08, "tx_hash": "3HJ9GTbnBF5U3ALUNfT9dooeYE5X5UvbXUR4ukcqQpqwMdSrFV5dsWcPLEphgiRDYWXdfNc8xqmAkUh7PhdWna5k"}
{"timestamp": "2025-02-20T13:49:30.187228", "action": "sell", "token_address": "FG5Ra37c3jzAwANFwzstsCsa8it56gNR7UUSEe2upump", "price": 3.084675797586632e-08, "tx_hash": "2gZeGASJeGQPdnbHTvwdRLfcrZAmevSnNUxrsKBbXdWdWHoKLmfYubnSmFr8ZniXP54h5xu8wf2z9L3PAzGQPYpE"}
{"timestamp": "2025-02-20T13:49:57.742278", "action": "buy", "token_address": "9Yjiu9U11vNBortNiZ71EjTVLLehFRxTWY2QL1CSpump", "price": 4.510077278614503e-08, "tx_hash": "5wE48fmaHWSTrMfDVGK4CEWJWwfnyV7zhTkwoxGPy9uczb4VfVuhzjCidykxGuWms9PKEDNCCmdbBQdK5grWL5QL"}
{"timestamp": "2025-02-20T13:51:08.500648", "action": "buy", "token_address": "CEsTye6ubqJ7WAX5QV1smD88eoLk28sbdU25NSUUpump", "price": 3.815311167605077e-08, "tx_hash": "kTpnoGGPn5ENWp1b4AwubWoBEQgfKWvPc37LotE5qVuHgH42Cz5BywwHun3Bd1xeNpCXJu5EPdytCQLBG1oZ2Ko"}
{"timestamp": "2025-02-20T13:51:58.497726", "action": "sell", "token_address": "CEsTye6ubqJ7WAX5QV1smD88eoLk28sbdU25NSUUpump", "price": 3.815311167605077e-08, "tx_hash": "5tCZMUmfj1s7KYTnacqeEydGKYjmQERepSzbwWD1i8QK3C5nncLCjXKp3MzzS7yZN6mUPgaDfUTBmqGoRMc7ZXt2"}
{"timestamp": "2025-02-20T13:54:27.460277", "action": "buy", "token_address": "2sct1oqYspM11ZjuYZJbo7Ux7LiwGsn1TrBaWukcnhZg", "price": 3.4326157086641187e-08, "tx_hash": "4b1mesVtpVh3zAH37iD8phL3wtf8WqEyPnnBgunpTYAQSPJ9bHtjJEes6StUSGUYszxLkAPGkM3vjSbTLGKeFcEn"}
{"timestamp": "2025-02-20T13:55:16.890512", "action": "sell", "token_address": "2sct1oqYspM11ZjuYZJbo7Ux7LiwGsn1TrBaWukcnhZg", "price": 3.4326157086641187e-08, "tx_hash": "3AKTfVp6Shu2xd1o2vMyaSWMwyifPCazeXb7uCtX3s2GL4FWXTucmxnUEmuzXkgoZjFyyiF82d2qe1KNtsi7F2fW"}
{"timestamp": "2025-02-20T13:55:28.900141", "action": "buy", "token_address": "AbT8F5B12HAUpdurp6zhuTgQTYcu7EdCfj5UxTnKpump", "price": 3.1256639121208106e-08, "tx_hash": "2dvdta6caKEhYZKpE8eaqoYYHnjegA13Xc32hwZhJhnt1ASv5vduXxwcYyEVoaNF4Sntz52z5BmF7pktDkfWH9qr"}
{"timestamp": "2025-02-20T13:56:17.857226", "action": "sell", "token_address": "AbT8F5B12HAUpdurp6zhuTgQTYcu7EdCfj5UxTnKpump", "price": 3.1256639121208106e-08, "tx_hash": "2ar7jLEgSSJRt8wq35vzrjvR5oE3iNwL2EUc2KpTzVWYwZ8V9FRmjwWpWrnqhEB1JuLCgXZUqsvPc1wetzC2aeE4"}
{"timestamp": "2025-02-20T13:56:36.392165", "action": "buy", "token_address": "4BPeTbQ8ziD2x2KX28c7QAQW9d1mLbci4Z6kZb4Vpump", "price": 3.358595780061165e-08, "tx_hash": "3tKDiuP2wigHgshg5EUcXMMtvC6jFjNc4ffbBwvCW1kS8A1kcTo9uTWaQbg9YG1oRdXNejBB6xNMitpYtQuaSu15"}
{"timestamp": "2025-02-20T13:57:31.065049", "action": "sell", "token_address": "4BPeTbQ8ziD2x2KX28c7QAQW9d1mLbci4Z6kZb4Vpump", "price": 3.358595780061165e-08, "tx_hash": "3y9FaEYVQRBf3vFvvqcLVqmmhChZ1meZXReRu7PB58WMEQVkSY8skiYyMJRAwQdzYbtrAhzm1tP2BpsXqBS6Kcyr"}
{"timestamp": "2025-02-20T13:57:48.736775", "action": "buy", "token_address": "AzoSEmDFC3DXk9HewsxEk9qr3T9RbZ9TaEARN2TCpump", "price": 3.2897436622919696e-08, "tx_hash": "5bNtKbfkaiuG4nniNsKW31DPcunwBYxwmjbXbhvCg7b6PeDiS6yp9EcctCznprcWkPEFyJs6QaMH13L4Ns2fGGW4"}
{"timestamp": "2025-02-20T13:58:41.926239", "action": "sell", "token_address": "AzoSEmDFC3DXk9HewsxEk9qr3T9RbZ9TaEARN2TCpump", "price": 3.2897436622919696e-08, "tx_hash": "3Ku553mbyURDM8SZP9PGtYmGFPDR7Agn79J8C3QFyzfDLNnqUMstsGWvuqXaAqYbfKsrFbfj1A5ZjCBudVGX6nMb"}
{"timestamp": "2025-02-20T13:59:07.039344", "action": "buy", "token_address": "5NLFDCBaFr5YiVixxeMetQLMowvGJGRgbBW2v3Khpump", "price": 3.181112146927614e-08, "tx_hash": "577mLqHGtQCxNNRuKgVhQZigxPmtNtRq8cqXkWuUyGe3eg5jSULnqka29oVqwAE6cUNjbqFi5zkUXxUcjqXT8SY6"}
{"timestamp": "2025-02-20T14:00:04.023327", "action": "sell", "token_address": "5NLFDCBaFr5YiVixxeMetQLMowvGJGRgbBW2v3Khpump", "price": 3.181112146927614e-08, "tx_hash": "5pqkvWR6zgr9uUqL9yKjetn7hZfLxwNQSzPVcYwWN8fMbSYBeaadMNQNJp6qRgoQBMy4mfHbVCELq5KGgNFPHkox"}
{"timestamp": "2025-02-20T14:00:26.608797", "action": "buy", "token_address": "CwDLRvgoMDgxWwNb8oCd3zLqanT3m7F7GVUEEkUFeEgk", "price": 2.8304860288760936e-08, "tx_hash": "4Wm1csxB56ZFLZYWGaWmtSyDxN13ethskf1XtHazjYwea4JhVgLcnQfbadH8VksAKMrB7cbJHgk2svhDNf1UxZhr"}
{"timestamp": "2025-02-20T14:01:24.746985", "action": "sell", "token_address": "CwDLRvgoMDgxWwNb8oCd3zLqanT3m7F7GVUEEkUFeEgk", "price": 2.8304860288760936e-08, "tx_hash": "Z9Lgk4VAeFj66qAdebggpG8wZ7uMd9sDmoJhhEJ7Quw3tsXpG1tyQrRAEuvMTEjv3RgQpDigNirM82ZPgKwKqPS"}
{"timestamp": "2025-02-20T14:01:56.458579", "action": "buy", "token_address": "ESBpvvtWP6e44khBUUrvcNh3HCFE6PjqyVbcqt3Rpump", "price": 3.2541299177534796e-08, "tx_hash": "5JHpu6F8gtn239gAcwvAK1MBwfrJRjDLoGSwGt5v6ydpCv9eBbRqCofwbwKwzAZD3QZ22sjCmmSuCoEAeqE583N8"}
{"timestamp": "2025-02-20T14:02:47.942800", "action": "sell", "token_address": "ESBpvvtWP6e44khBUUrvcNh3HCFE6PjqyVbcqt3Rpump", "price": 3.2541299177534796e-08, "tx_hash": "3YxjGyDJhPQsoQdU9i1daHvMAUpxwNFgKz7JwjoYcyayEAE5crKE5eEqCkNMPyqsHKn9NvvqsL1sjwrtprZa79UC"}
{"timestamp": "2025-02-20T14:03:03.798794", "action": "buy", "token_address": "GQ82HnTvrWoe1q8AjSJ1dr5vf5GFjDUqcztb9Uyrpump", "price": 1.1202244482824147e-07, "tx_hash": "esDVWhQ9AqtXX577b1c39jvhksUeKeodfsWR3vHiQKPtneHUy3BxedjBJvtfYQodZnEeeSTJiGcrUUEAw6pt1Jc"}
{"timestamp": "2025-02-20T14:04:11.190224", "action": "sell", "token_address": "GQ82HnTvrWoe1q8AjSJ1dr5vf5GFjDUqcztb9Uyrpump", "price": 1.1202244482824147e-07, "tx_hash": "2ZViFwigwbZUNikooW1Twd1DVUaVDgQaeG1eMf3dBG27aBJA8MXXvj8vPczNmReAtvDjmbdK7YbxMUJ82FVRDL34"}
{"timestamp": "2025-02-20T14:05:06.099673", "action": "buy", "token_address": "449BF98jvhHVneABYS3KYyzoHU2ZQGc1wzqyMYUkq5Pt", "price": 3.312291308581712e-08, "tx_hash": "36mNiPhBS475pb8Tqb4rHMYpZC2r5w9gNys3N2bwk77U6hzVUaFVrXPRmzeP4CXQRbToNFY5KsR7AaNfWsoy7m8C"}
{"timestamp": "2025-02-20T14:05:53.869426", "action": "sell", "token_address": "449BF98jvhHVneABYS3KYyzoHU2ZQGc1wzqyMYUkq5Pt", "price": 3.312291308581712e-08, "tx_hash": "3NadLHeNjkix7iJqqjzLc2YzXvBmB5bdLz2Ps6DSW1YPurU3ZEoQeyRbVbponNL6u2z1xAaw3tTRRkxZeUtujM2M"}
{"timestamp": "2025-02-20T14:06:24.694958", "action": "buy", "token_address": "56eUhUrM6NL1NoFv2MmTdsvk6dbsihxKkieR9hLVpump", "price": 3.344413562342024e-08, "tx_hash": "5ipnGsUqSQGcWBvfDHzHM9uQixMU3D2DGfmUH94rmBc7cGuoCzm2VS6xPqy685XCvVbM8DEzoLyn7RMdpp9JuQnh"}
{"timestamp": "2025-02-20T14:07:12.499332", "action": "sell", "token_address": "56eUhUrM6NL1NoFv2MmTdsvk6dbsihxKkieR9hLVpump", "price": 3.344413562342024e-08, "tx_hash": "4abYqsC3F4X5Z6Zvx2FpkeXrk2X6LEYA2gg3B9YUda2MN5rcwgtJyYkodJdbCWWzomycULhTWmh2iZpvNWXopPKY"}
{"timestamp": "2025-02-20T14:08:11.916872", "action": "buy", "token_address": "3emNF6oeitchaF53F5Z2ScB9NPpFq9yFxmYxmiVypump", "price": 2.9017476465653035e-08, "tx_hash": "4QosXmzeBRbiv1J5oTFpGmHUZDCaeSUTeweukvgFT6ZXBE3hPZpTysy6FBkzWPiXTkqwaQxtWX1nbnH22q2hpBf8"}
{"timestamp": "2025-02-20T14:09:03.507108", "action": "sell", "token_address": "3emNF6oeitchaF53F5Z2ScB9NPpFq9yFxmYxmiVypump", "price": 2.9017476465653035e-08, "tx_hash": "49JvqyTm6HowVGDpCrk66bmcZJAdsYEa7jsaasHPhpC7YU3CKtznCs3yuAycoWja9KgAfDs81sCSFGBXBnEuXCYg"}
{"timestamp": "2025-02-20T14:09:42.425680", "action": "buy", "token_address": "6SjUKuSHNzRaRQtfUwkuX5tKrzCmuynArVEwhWPjpump", "price": 3.031976867989558e-08, "tx_hash": "5VyjsZVAGgE1aW2vbQxAkQ5fTntSdpYqmdr9KiGtMEeQZD2Dqh8dqNULEt8WjMgk4293MFwcWgKMSW9exXRpY9KH"}
{"timestamp": "2025-02-20T14:10:30.404827", "action": "sell", "token_address": "6SjUKuSHNzRaRQtfUwkuX5tKrzCmuynArVEwhWPjpump", "price": 3.031976867989558e-08, "tx_hash": "tgiDJ9gcWZwNA4CxRwP8YVbZ2nxaMGacKqTeXYmko2KuqgJdKSHdVKbJSWXKymGk7gWkGagSxiaTcLaeCZf2VFk"}
{"timestamp": "2025-02-20T14:11:06.778091", "action": "buy", "token_address": "8JCfwaxVUHA5DSHt4V8Bs6YE37Di7KxqFML56sURpump", "price": 2.8204571195628535e-08, "tx_hash": "4rUBbJSsnGrFkUqCVeAVW13EMkewuu8yn1cqTRsrv3Fj9g2Y8j2kEsuxVRjNe3QuQQ1F1XqpTDEDEYcAQZu8cL33"}
{"timestamp": "2025-02-20T14:11:56.051701", "action": "sell", "token_address": "8JCfwaxVUHA5DSHt4V8Bs6YE37Di7KxqFML56sURpump", "price": 2.8204571195628535e-08, "tx_hash": "2n1aR8ta49b3LCnUf81SNC8C5Xb9w7RvtKehUYY8V7fZP2F214Z3AzTxaBvwJcFn2ch8JEVFnB3djK8s18d1yNEd"}
{"timestamp": "2025-02-20T14:12:26.295590", "action": "buy", "token_address": "8fReBnKov4jMrX3tvwjmhUrdTACpm7RpoRyNsn16pump", "price": 2.8287347237405476e-08, "tx_hash": "nZGvAWg5zzHEafj1244V58rZfaNKVXL3gnTFDpXhDtVu2K3YnCoLdprKrDWLDoLY4BVA6NQDz3PUNAtq2icbgPm"}
{"timestamp": "2025-02-20T14:13:15.451477", "action": "sell", "token_address": "8fReBnKov4jMrX3tvwjmhUrdTACpm7RpoRyNsn16pump", "price": 2.8287347237405476e-08, "tx_hash": "2tg7YTbF68e1ezQEACjoKYxiZpSKwXvFnvur8qS6z6JpWNEqhFXR6qa95qjjCMb6ZsjmskrArQAwhmjc1P7FD3pT"}
{"timestamp": "2025-02-20T14:13:42.492420", "action": "buy", "token_address": "7KtZeivxUC2sNSU625YLmpiVbW4QkNP5atMRiA8cwSDf", "price": 2.813148059326802e-08, "tx_hash": "3vcmmZGXKavDc57c8gbTdQni5tykZqSvz5RJsgHC2zq336nReu1rMoeEvKHjyPeTEZFsK2dnS5PPT5Vpf2jXj34d"}
{"timestamp": "2025-02-20T14:14:31.565965", "action": "sell", "token_address": "7KtZeivxUC2sNSU625YLmpiVbW4QkNP5atMRiA8cwSDf", "price": 2.813148059326802e-08, "tx_hash": "2D7MFXvMhLed2q2tDkJGuNRDyLYc79K3Yk2nsHgCMKT294tZoCZL7BtibVsmZGXYHuyCZJ6gr2Fk85oVenicsSTz"}
{"timestamp": "2025-02-20T14:15:02.799819", "action": "buy", "token_address": "5v4z9amZ2EhcGUADxg7xwV21jZGSaKMCBdpGVREnpump", "price": 3.03972149526373e-08, "tx_hash": "2UKw7krqTRCvM9jHc9S3fonFtCnf9pwvnuggdTrFH3UL4CVyzuscwrf7CqwLVmiMqS71YQTJoKB7NHzgvwvt8o65"}
{"timestamp": "2025-02-20T14:15:54.210547", "action": "sell", "token_address": "5v4z9amZ2EhcGUADxg7xwV21jZGSaKMCBdpGVREnpump", "price": 3.03972149526373e-08, "tx_hash": "66eY6qTMixmjkXDKikBy7bqLk7GyAHFpLgHoJvpBfWcLZdQ3m8YZJVzMGSLmUVgo9KY4e422ZJAcSavWWLiiz18Q"}
{"timestamp": "2025-02-20T14:16:25.854793", "action": "buy", "token_address": "HYrPPUYJ9LVdvvA8KwMQ766RMndSdykJgxBo3W1npump", "price": 3.7283739362654295e-08, "tx_hash": "4Yxh7EuZwqvJbqdWpQkaBfDq9PpLbqYgPwy9UqUQ7SxwAbGde9KPAETg8ou5WX9bSxkgrAiDUqhHdSoruN5aBRZ7"}
{"timestamp": "2025-02-20T14:17:14.631744", "action": "sell", "token_address": "HYrPPUYJ9LVdvvA8KwMQ766RMndSdykJgxBo3W1npump", "price": 3.7283739362654295e-08, "tx_hash": "3bisWxeQtdKC4RXyeScTNwNovxKkQvdXzgVcKeG2CX2sQD6Wukb57cUJyP8pt368t6b7AjovabwhZHRuFnnt9BbS"}
{"timestamp": "2025-02-20T14:17:46.515871", "action": "buy", "token_address": "6QDQj4Na99GozkcQF1B5aUJMUkUnw6tbFGHQJmGcpump", "price": 3.5405807238834645e-08, "tx_hash": "65xCgEm7p2KPVK2wqxt9bhNFG646yBp9mTaG8CasySx7wKekFvmrSTp3hyXZVynWFHk7vd3Sx2WoQdjhau8JsXA2"}
{"timestamp": "2025-02-20T14:18:35.281242", "action": "sell", "token_address": "6QDQj4Na99GozkcQF1B5aUJMUkUnw6tbFGHQJmGcpump", "price": 3.5405807238834645e-08, "tx_hash": "4Ub7ByYN1VNotX97HWKFQRk9RBWjw3H83go2E1LF6WX39vyY9DSki5wkX2mh75NRYzYsNQvWMMdrf2DvpabocyyR"}
{"timestamp": "2025-02-20T14:19:04.965084", "action": "buy", "token_address": "9nfCkC4T1wsq7RPSSj9DgVafJSUgjdoDKDDBVFjXpump", "price": 2.8261165839467524e-08, "tx_hash": "3uqcJ7wixgB9G1Vu7t2inxYEkL31RfNiygWzp9QhL3jSu67RCZgmbzccC5qR7vFkebCuhUjEP265NVzo5S9c5rEX"}
{"timestamp": "2025-02-20T14:19:52.893352", "action": "sell", "token_address": "9nfCkC4T1wsq7RPSSj9DgVafJSUgjdoDKDDBVFjXpump", "price": 2.8261165839467524e-08, "tx_hash": "3tAzRbZppspUvLd4cgS5Rv8eUBoRvJQWQVSvpyXtS22dsKAxMm66fLY6YtwxRwXEqe1gEsyGzS7dnzPwtaut3oya"}
{"timestamp": "2025-02-20T14:20:18.354832", "action": "buy", "token_address": "NnYo8SmH2SjQWRQpt94WMdw7t4x4NFYau9VJtMVpump", "price": 2.985399192392046e-08, "tx_hash": "2szYfnUYF5hWB7chGo3Rm4GV8eHJxSfSPD4DeQRcPcC2WJAphsYP5MyutQ9exeiB6m8e5HpsNSWoQiCso4yoAsuo"}
{"timestamp": "2025-02-20T14:21:30.181893", "action": "buy", "token_address": "7zAfgfPCkwcAvu8uZdPrxMMDcu5t643zz5T8BM9NchQd", "price": 2.878137179284446e-08, "tx_hash": "39tbGUqKyMpEqfYvTjvSjYE3e1mpvuQk4MvoC27CNEKhsJfxh2jToRpUuAwVU2bQ6bwTzqbnzreEWNqNhL5bmEXo"}
{"timestamp": "2025-02-20T14:22:45.624660", "action": "buy", "token_address": "GdkEyYQgi32QEGaDDRcEHTPT6Fxp2vaKeRXNwCYbMnNg", "price": 2.80364326381993e-08, "tx_hash": "3BMrR39ZfoppA9KeD2NU4koCA2khXEmn6VZ3k7apGj3FCKrgZ8EPBzqPoMZYCxoa7xSxSU9yw54CUzNSpj7Ts8yt"}
{"timestamp": "2025-02-20T14:24:24.529679", "action": "buy", "token_address": "AMayjZpB6qdMuMyubLdnx78RBjkeoqeAyRht64qbpump", "price": 2.829921387358249e-08, "tx_hash": "3Hg7BTKfMGCFqPHTH4fJFdyXBqqjSyBjExw7ZJPrFSnJBxMho1c2fEJbwFyMf4evWvsNEF5JPJEyhax2GNzgBBKm"}
{"timestamp": "2025-02-20T14:25:15.277364", "action": "sell", "token_address": "AMayjZpB6qdMuMyubLdnx78RBjkeoqeAyRht64qbpump", "price": 2.829921387358249e-08, "tx_hash": "2rZ8rYSLqcRqKmVUiMJM8ZkoHfEXRca4z2saqD4BE3iLNegKbXDPoq8TyQSbQMpUKQTkszhXn4iT5pewBBpzzeeV"}
{"timestamp": "2025-02-20T14:25:38.854568", "action": "buy", "token_address": "7515z1HEqJdYXqeSqQA7hKGLMeQA7fD3e2okrTghpump", "price": 3.7283739362654295e-08, "tx_hash": "3SoC4s9F8VfHorV39a1HwQvPrVWFQmwLGbkxvaEexhSRBgFgxjBk51R1cNLnZT4ADHfdLtX81wuiP1SHRhyYw9M4"}
{"timestamp": "2025-02-20T14:26:28.126575", "action": "sell", "token_address": "7515z1HEqJdYXqeSqQA7hKGLMeQA7fD3e2okrTghpump", "price": 3.7283739362654295e-08, "tx_hash": "5Y6fMuyV9wJVmryBwCqfSSdLiD3TqEvzPNqiZMFaJTxzfR18ZMfy67QzALQFBX88mMSBQobTBhFGJ3bh2n29sx3e"}
{"timestamp": "2025-02-20T14:27:06.484806", "action": "buy", "token_address": "8AVnSw8FwJ7QEEyTgCB5U6MfiThu6UKuFVmSzYvLF2tz", "price": 2.8050981188354797e-08, "tx_hash": "51qx5tFv6uG1r7UuzKqhhRtw3togpPqXLAXcC7m9NpnChT6SZCA8H2uy97WVK3sJrd1BMEdUmozmeWsXkuhWq3T9"}
{"timestamp": "2025-02-20T14:27:55.984793", "action": "sell", "token_address": "8AVnSw8FwJ7QEEyTgCB5U6MfiThu6UKuFVmSzYvLF2tz", "price": 2.8050981188354797e-08, "tx_hash": "3GpVbmdGxhdyLEnjh6Shtp64hc44K82M9gF6X2QoPUwGADiJ7deEsZqro1hiw1LTSAiJX5bJaYCMKRiwcHjG83Nt"}
{"timestamp": "2025-02-20T14:28:32.352017", "action": "buy", "token_address": "2eLjB2G18mWGC2egABsgQycHBsEB5ExrDeCodyQkpump", "price": 3.8212930064482934e-08, "tx_hash": "2o9voJGZRcmXirPGSWXgBjiAaUHzrpHfensftYUSz8nsYtDxtCVCBeVGwJBZusYw94BVQxb854hN8j2T96NFnbzN"}
{"timestamp": "2025-02-20T14:29:20.559661", "action": "sell", "token_address": "2eLjB2G18mWGC2egABsgQycHBsEB5ExrDeCodyQkpump", "price": 3.8212930064482934e-08, "tx_hash": "4SiAA6W3Ti7k2htE512xVv59USiNvRjLYmxLGZZJLLL9pc3RTTYsiTimvP597PXZokLFZZQxYUGaecv2BgbcyDnv"}
{"timestamp": "2025-02-20T14:29:45.615601", "action": "buy", "token_address": "5J9Uyf5pB71r5mcMzKouZce6KfX1teyNc6UoecjHpump", "price": 3.2445056871392816e-08, "tx_hash": "4xxbFDTpxEfFGXp9DwCgbESW7uaKe5BrfKkLuYbfWBh9aWRwhm4TzjAHQ65GFSd7Y8yY3R4yUdpakxcBWsuJXKFH"}
{"timestamp": "2025-02-20T14:30:34.019869", "action": "sell", "token_address": "5J9Uyf5pB71r5mcMzKouZce6KfX1teyNc6UoecjHpump", "price": 3.2445056871392816e-08, "tx_hash": "TJTH9d1RFDr3TV65nUoK6uLid7vcpb5bF4g3CNw5NGTJkk3E4rv868vSX4UWDEk9mBUiWDmmk1XRtEVmV95uM4h"}
{"timestamp": "2025-02-20T14:30:54.779762", "action": "buy", "token_address": "GCxWrp3FQeRnUAQQQeJ8wdRXasvjBL5eq8gqaDKspump", "price": 4.1941914504576724e-08, "tx_hash": "5e992kDfvmqCYKKwVhkY1H7c4yxMawsQoHqdHdG9y37U496Tb52e7Q3tMneVvP5yX2E3UuVdgsjSigmL4piHWvrQ"}
{"timestamp": "2025-02-20T14:31:44.610926", "action": "sell", "token_address": "GCxWrp3FQeRnUAQQQeJ8wdRXasvjBL5eq8gqaDKspump", "price": 4.1941914504576724e-08, "tx_hash": "31iacHzWFXs8bpiSEJvhnSz76TVjbbLVpcJJnJyTy9nijp4kGZoNZCUme14eSSU9fjvJWzrC1Cs4127dDsbDWZ3E"}
{"timestamp": "2025-02-20T14:32:46.587633", "action": "buy", "token_address": "45xs2C8vGVnH3UptyRNWEfbxtKxCRdhsKBfJ3djzMAfR", "price": 4.026097297297604e-08, "tx_hash": "63bnm411rwUpLGAJynzyqd7kYfgBNerdWdH8bCshwzmBxVjMLdCA6PQ5o6Ujw7oSrgtJvEkjqtm76bGQQmnUh68h"}
{"timestamp": "2025-02-20T14:33:35.539880", "action": "sell", "token_address": "45xs2C8vGVnH3UptyRNWEfbxtKxCRdhsKBfJ3djzMAfR", "price": 4.026097297297604e-08, "tx_hash": "p9EYY7dk6wCzXuddQw3BPQbCZPKic8bdHxkgHocnk8Mg9F2wSpqa1X3GJLDbtTnxvB7jSrKBgurfwvxtPrMMHpT"}
{"timestamp": "2025-02-20T14:34:03.602847", "action": "buy", "token_address": "HAejzP7JpYhJQKHLdA1pqxNV4jbvM5VSaM2F4XHPyN6b", "price": 4.19940285116495e-08, "tx_hash": "QoumL3wgbT3DUvJZ9uipqbihb2u7xj15bhRPR8RwQq4JKpHjQ9pY39MV9fSyFn7o7eSRFgAtnVi9WpdKwkWqVBZ"}
{"timestamp": "2025-02-20T14:35:39.762736", "action": "buy", "token_address": "7yG6pDHoQfZUgR6dSy5X3gZVXR2qGNg1aPEih2o2HB5i", "price": 3.22874002101763e-08, "tx_hash": "6Zf9CqXr17HG9p3Jnuort8JWaPomdVFGivgkP2Vf4iK3RmbdCCfX3fPYAj5VTJPZ3RXoza7saxT1BmBAGsEHsvf"}
{"timestamp": "2025-02-20T14:36:29.889715", "action": "sell", "token_address": "7yG6pDHoQfZUgR6dSy5X3gZVXR2qGNg1aPEih2o2HB5i", "price": 3.22874002101763e-08, "tx_hash": "3nFthnKvPnM3Li4J86w5RqvmRJbHMy4z9nrxpvkhPREecvWK88ffL5V4c88QRb3qdB6yAAoSrDT2fQ97F3d9k6KF"}
{"timestamp": "2025-02-20T14:37:01.788336", "action": "buy", "token_address": "BgjZm7v5eL8HAjwik2o7BtSiZuHH6ced9jNVndrgAASY", "price": 2.824929930044654e-08, "tx_hash": "3D7bsRVhw8d18vBsej5Hj3Xb3Chxioms58ZHGVgU833SFMbWoWazkeEHdSWAvXjaQL4uQVGYzewT8DuJScNaqMi5"}
{"timestamp": "2025-02-20T14:37:49.671904", "action": "sell", "token_address": "BgjZm7v5eL8HAjwik2o7BtSiZuHH6ced9jNVndrgAASY", "price": 2.824929930044654e-08, "tx_hash": "62RPvPFcyk2mkd2PLPY7af1HWrsKCuejj1KjizUuTAXshaJakeUTe9oAnWETaBNHgvD6tHx5adHP1XgBNRCjBcoU"}
{"timestamp": "2025-02-20T14:38:28.148357", "action": "buy", "token_address": "4v8GWYGAZGvxWKR7XpzUyhodWtAs1cGJEcRuG3nnjkjJ", "price": 2.8246741079753888e-08, "tx_hash": "FZWiukx874x5T4pBsmso9hxhDqZZAZQrbXCjibvX12cPVdxXxz51s5pkt4WTs7Uka1N2UvdyEE7bVqkrJ8qqxoz"}
{"timestamp": "2025-02-20T14:39:17.746083", "action": "sell", "token_address": "4v8GWYGAZGvxWKR7XpzUyhodWtAs1cGJEcRuG3nnjkjJ", "price": 2.8246741079753888e-08, "tx_hash": "3wR18NfW6HuyfXKVsZDo7CrPq5dx5mGMBKsMAXaFMZK6nPnoe4DJk5VJ7U6cfEzpFBhtTG6iCsY5HYpgcBySihsP"}
{"timestamp": "2025-02-20T14:39:42.795521", "action": "buy", "token_address": "H4byp9nwEbq8LKrdngUjHm8849noyriwrhkLfuvvuExE", "price": 2.9505913375637217e-08, "tx_hash": "3Bm8e2dnmaVWwHkR4bNTqtzokYpwTxc1ArCM9RZog1EEL7rrvpmmZM4mofUS6V8pBG2EBpgtNp1vsqqsHAqUQ17Z"}
{"timestamp": "2025-02-20T14:40:31.446873", "action": "sell", "token_address": "H4byp9nwEbq8LKrdngUjHm8849noyriwrhkLfuvvuExE", "price": 2.9505913375637217e-08, "tx_hash": "39Sg4Vg46FDY2h8BXFi8iQM2oGMHMieurfx5UEQFhD74SrUosPJwDkdiVsNhHpgkoeRTX8kWLM5VHDb6hW21RnYF"}
{"timestamp": "2025-02-20T14:41:02.844667", "action": "buy", "token_address": "6Dwp2VNVs6MfMNtthbSJ2wQ8aVT9Y5urZ3UBwmpAdx3H", "price": 3.279704019344314e-08, "tx_hash": "4jrSkDp5EgWAxayzyym3wJ35U5jnpADht2knAp8Fr2HKU5p7ZseV6buXSv9ixuDgtZ7s21xiqdsu6Rkr3QTyxFqP"}
{"timestamp": "2025-02-20T14:41:58.213906", "action": "sell", "token_address": "6Dwp2VNVs6MfMNtthbSJ2wQ8aVT9Y5urZ3UBwmpAdx3H", "price": 3.279704019344314e-08, "tx_hash": "3N62rKfW8M9ZJDTD9zV72FN35ExP417Lt8Xk2WB6mwmqh56vkrnmWiXMKhLUoFEQEt2tPjcD1ZSt8KCYMii3ykn9"}
{"timestamp": "2025-02-20T14:42:38.244585", "action": "buy", "token_address": "7pR9bkSeaxfJuwt6dhRi21XJwyLp51pdmnqshpHjotMD", "price": 3.0034205919307706e-08, "tx_hash": "3siauwVA4WNa8N1qzifpBTibkcAgHfyx2wM5NdbQEaLkSSyxmGzBASrz1EA4KaLVxsuuSGS3mFJHtVwT53kdDP2q"}
{"timestamp": "2025-02-20T14:44:41.528367", "action": "buy", "token_address": "8Xt9UtGPkmGBb3F3Kvwr6Nx1QnHVHcRmS8v5fzivLTMz", "price": 3.597245153626106e-08, "tx_hash": "2kb7mbRr4C2gDj4xrsQ8oFJv2PjdtmNHcoJHyuzUBPdjzDG2wFCpfsCQG5x2TqNth5QJAtYMFQ6shv8M46Zbt48p"}
{"timestamp": "2025-02-20T14:45:43.751319", "action": "sell", "token_address": "8Xt9UtGPkmGBb3F3Kvwr6Nx1QnHVHcRmS8v5fzivLTMz", "price": 3.597245153626106e-08, "tx_hash": "4ZfFQHje3esR4zE9g4pVscxwEQe9AjCMV4XBo8SmTHWcrJxfNipJPyJvT2isbJVT1tUykhRFeTqip8QcDjCGg7SU"}
{"timestamp": "2025-02-20T14:46:31.444964", "action": "buy", "token_address": "8XQShbzmnhtNqKvTF7GaZKUnGvrYsJyrzDCZVNoZLUpJ", "price": 3.494030776616047e-08, "tx_hash": "57r8MRTrzKguwKPjd3FEQcDmPEubDjG5inyGR3aF5j8VihsJvFUeMqpESQAY8euiF8ChjGxE58F22AXjR8sRKD5U"}
{"timestamp": "2025-02-20T14:47:54.343916", "action": "buy", "token_address": "2vRDfm2QB7U12u9vYLueh8PkJJbQerbU6s1fkxJGpump", "price": 3.593454329318392e-08, "tx_hash": "2RYfqhU6e3RdnDQ7FmigC1gs8Q43JkeC63hsmoWQeimER9PzCvPbRnJU87su59h8XXPx4BLVrAcv8V27Qq2Xu8No"}
{"timestamp": "2025-02-20T14:48:52.515315", "action": "sell", "token_address": "2vRDfm2QB7U12u9vYLueh8PkJJbQerbU6s1fkxJGpump", "price": 3.593454329318392e-08, "tx_hash": "T4sRooRiqGu1wQZDT1GvuwMAX8zDC2vvonqyhBB58ydcPJLoy8Zm8wppbgybW9kyrtZYUNNtFgLdAe47Upce38N"}
{"timestamp": "2025-02-20T14:49:36.437342", "action": "buy", "token_address": "8e7gUUezLUnuMGJFRoR2KLfGwVGENy1a7Ww8XD8DSy6a", "price": 3.181112146629385e-08, "tx_hash": "5vgQ1se2D4n7EuXLbZbM1CfzSPjwHtVniCvFWxNqkthCXZGAh7pq4xm6snncs1J9bc7vBrBModJUGZgzydCnoNL"}
{"timestamp": "2025-02-20T14:51:17.300612", "action": "buy", "token_address": "GoSnZSyayeHogFRHZzMiutPDWZqQzPCZy6mkT6RuCY94", "price": 2.8261354131705465e-08, "tx_hash": "3PaAD3YMZCnyrZdmMcNdmm73TyWHahpzx2N7w74pjPD1r9yJcghQMkdwxKaVBwqQvFPyNsDsdA1rczc45p3mRxyV"}
{"timestamp": "2025-02-20T14:52:05.628200", "action": "sell", "token_address": "GoSnZSyayeHogFRHZzMiutPDWZqQzPCZy6mkT6RuCY94", "price": 2.8261354131705465e-08, "tx_hash": "nuUnfRXczTCeR5JPi5hk8t5Kpa1oXXA1eczsv7hRB3xJPiH5pvBb6PzK4YRbJMunxuNUfkhxiz97tHuda6qcuka"}
{"timestamp": "2025-02-20T14:52:42.650027", "action": "buy", "token_address": "Gh36k597htqzHHJRXuFxKcFvpjapjt9HRUy9rByPN9ha", "price": 2.870953712333021e-08, "tx_hash": "MhCynG421yFGEk2rsv6EDu2N5jYZ4MgHxdNaj8LNA2iJUSLeC6oB61FDEyySdg6WvYDSYsLvPBgeYpVXmzoQkym"}
{"timestamp": "2025-02-20T14:53:35.291576", "action": "sell", "token_address": "Gh36k597htqzHHJRXuFxKcFvpjapjt9HRUy9rByPN9ha", "price": 2.870953712333021e-08, "tx_hash": "3nTBJknCKyndWUPyWMyz5GkaFHKc8WWeXM8MBvALW4vDR4Hv47Q9oBcceu8ATBgkVkunKgZw7NHQekAYdRW1iyf8"}
{"timestamp": "2025-02-20T14:54:13.581087", "action": "buy", "token_address": "5RS65obXp953DpNprBuesPzSKHLsuans5EbYpbMfpump", "price": 2.9070083149129317e-08, "tx_hash": "2kRQyKE1WzKKpj6R8zYnFm8pCKQCHBAR4N9cXeTq3X9wpYV23KPjuXnf3dZ58fhuoV7r7nijRBZbeLnUqDSixFQG"}
{"timestamp": "2025-02-20T14:55:03.051479", "action": "sell", "token_address": "5RS65obXp953DpNprBuesPzSKHLsuans5EbYpbMfpump", "price": 2.9070083149129317e-08, "tx_hash": "3pvmtj5W7x4yjWU5qysJeR26KGZe29Uv2MqzNL5Wa1T2hXdcbqejM1iM7ZBaMHuVmaFAS6srFfmcgmjw56YUg2in"}
{"timestamp": "2025-02-20T14:55:37.814733", "action": "buy", "token_address": "9LGod7AfcVDQFNBg9LTA6WbKSMyHvU8BAd2KLKZtnE9Y", "price": 3.002513616067598e-08, "tx_hash": "2RN3AJs6uy8e3kF6KrAVsVHJJBJ7cMVSTzCJoKt1NUrwgoSbvBwtHhHWhFRn5xDcSWVAwnohxfFHtstXsURCXJGV"}
{"timestamp": "2025-02-20T14:56:29.794511", "action": "sell", "token_address": "9LGod7AfcVDQFNBg9LTA6WbKSMyHvU8BAd2KLKZtnE9Y", "price": 3.002513616067598e-08, "tx_hash": "mymXFQiXLwogrvGua6DvxbZUHzg4w5pfgt3nkwq9vFsn4YRak4nG1juvHHSrjKwR1kiycE2kiHUqEoWLagbJwiz"}
{"timestamp": "2025-02-20T14:57:04.853160", "action": "buy", "token_address": "AgEUs9ZSU8JeGJa5TVMo8EweFnQAnHzVfe8q8vkXx7Cp", "price": 3.000369833712189e-08, "tx_hash": "3atZyQqVLs1AGEhteggLyUdLAzn7Fiy47Phg1yfKvjDXpJJ612VTNo5UnvbnnuZoN9S8RJxsGQrzuNaTRwgQN36E"}
{"timestamp": "2025-02-20T14:57:58.028196", "action": "sell", "token_address": "AgEUs9ZSU8JeGJa5TVMo8EweFnQAnHzVfe8q8vkXx7Cp", "price": 3.000369833712189e-08, "tx_hash": "5CaYFjrPf6taCBnRRWS7Vph8H4K2dAT7K6fi2ZwZTCm31zh451HH3SsgActvs4DWRrFuhsyj39Gh7Lz4k6mwgUaE"}
{"timestamp": "2025-02-20T14:58:34.825535", "action": "buy", "token_address": "8T9avqqmJAn9ho565n6d1EkmNFhn6R6R5rCyo98ppump", "price": 3.593454329318392e-08, "tx_hash": "4vFYbhhZ84qm1MSu8udZCMGrzRa1KhV9FGtCePhkYHTJdHsmwNCFdtLcJP7cJjBut79wZmPGHSBnjnVw5UnKMSFu"}
{"timestamp": "2025-02-20T14:59:48.115743", "action": "buy", "token_address": "Nw1vfa4KQXZvdK9zyeMEQAAtH6okBaGSokB7xaCpump", "price": 3.344595021590895e-08, "tx_hash": "26nfhdqtqVXR4fSWjiVPp9EDdTVsw6c4iYWEKEA76CVVCwmHbRQTXjNbmMncJzmo1bELaNmnjvPrruPMXUFchJfN"}
{"timestamp": "2025-02-20T15:00:38.542128", "action": "sell", "token_address": "Nw1vfa4KQXZvdK9zyeMEQAAtH6okBaGSokB7xaCpump", "price": 3.344595021590895e-08, "tx_hash": "4CSudHJPyz7Hn1reSLpgfBGwDuEYWWtfwqRVmZVws3jVpRgnuHwdSE6eijxuvVdh6aMsKnw7BwwWxDLSLQ7wE6gR"}
{"timestamp": "2025-02-20T15:01:08.269381", "action": "buy", "token_address": "BEgx9Zh6FADXzxAZCRMaNrGpKax877y3hQ1XqfEqGjzh", "price": 3.181112146629385e-08, "tx_hash": "Bouc173FqArbSUJL3TdLC7rX1oFymiZycerq2t2NnwEYC5guBWmUuZdF2dawHmpXD6CkdB9rVhVLdbtZ9AQSGE6"}
{"timestamp": "2025-02-20T15:02:24.281376", "action": "buy", "token_address": "CH5HozaqaSSb7vK5QGi6wK499r526mUDtBWuiTFZRGpr", "price": 3.837404033966143e-08, "tx_hash": "3bFog5baJUjccgdYQLuuqnMpJnrVinB21Hcia1Gh4SPuCVN9fb4SdT2eBBuAJaqA5RNXjKNMPMiuSv2WPBV6j4My"}
{"timestamp": "2025-02-20T15:03:19.221111", "action": "sell", "token_address": "CH5HozaqaSSb7vK5QGi6wK499r526mUDtBWuiTFZRGpr", "price": 3.837404033966143e-08, "tx_hash": "26kVrYTz7tkbieJiKamBQvAD8srgzT79vs1UvW3Fc19TV2A1dY8HFAkLtyo47oXtm2CTBr5uUcATvvzPzyQaAX37"}
{"timestamp": "2025-02-20T15:03:51.613449", "action": "buy", "token_address": "4LipRa7bRfWdacKiHggD9KiXThUvzdiek9Wh8n4MQQwb", "price": 2.8645721397749835e-08, "tx_hash": "5GpPnrd58sDKk8DdPAFcaWnT6bPBQtbesthw7RpqLcm8nu8dKvKCf6G5Ls3Dfx4NMo6UrdTNUjiCMRjKJeYRqyPA"}
{"timestamp": "2025-02-20T15:04:40.600866", "action": "sell", "token_address": "4LipRa7bRfWdacKiHggD9KiXThUvzdiek9Wh8n4MQQwb", "price": 2.8645721397749835e-08, "tx_hash": "4rEQWQvJCW63Y7BRsS6tvJPstJCbQQjZMvFQnQfQWS3QzDaTN8R5ncWafoqsrJKikhTN59ZDjCE5sLGu5DtfQrBC"}
{"timestamp": "2025-02-20T15:05:02.706024", "action": "buy", "token_address": "H59Xt7xCNZfNKDAUxVHVNPBdToQMfTJrgqSRJCDg97Fn", "price": 3.171611631254908e-08, "tx_hash": "2j6J16KEhZRnNpQrxhq88w2ctAUgHiF1GBJDcDnbZ8kmBTCDGK5vF18PfEWW5yM4NhFMSMqx5p1ap4HQrcfYXg5C"}
{"timestamp": "2025-02-20T15:05:51.258780", "action": "sell", "token_address": "H59Xt7xCNZfNKDAUxVHVNPBdToQMfTJrgqSRJCDg97Fn", "price": 3.171611631254908e-08, "tx_hash": "5Rp7eBW92gMY9Wjq3SZPKGRzzyfQp1pF6e2Jv1y4ULh7Gj4RbLrQnunQFEN1dqyMG7sheinVEAz7vMMXvx6owUaN"}
{"timestamp": "2025-02-20T15:06:13.580247", "action": "buy", "token_address": "2dVLkrQqTqwyxpGu9vKDQimeM8vXedwXdGpbepA2S8zz", "price": 3.4678687707960664e-08, "tx_hash": "4WHxUoGAiEukB4cxv9enBVbK4KRvVJx58BbchztNp11Bz39qmU4nuWdrVz93VwLWWYGd73ErvNqRxKF8XtbCLh8j"}
{"timestamp": "2025-02-20T15:07:03.124203", "action": "sell", "token_address": "2dVLkrQqTqwyxpGu9vKDQimeM8vXedwXdGpbepA2S8zz", "price": 3.4678687707960664e-08, "tx_hash": "2N5vbLJy25jxez7PCcYUPMuqUpMR9Ge6iLHHoyudmmBAHj6MCV1XdLaWkhHNw1zQ1KW4f91ZHCtdf3id53tQW27j"}
{"timestamp": "2025-02-20T15:07:29.617458", "action": "buy", "token_address": "7TfWYLTahJiXE3spjmMnfgsX3VKCqZmjj8dqf6GzVE3m", "price": 3.0206342381104756e-08, "tx_hash": "4dxc1uwJ1qCWu1FmFTn2guKzanEgJ6kY3rMe3DQNQ2oRqfK9Zg9aVAaKsbVYPYszHukFdt8kWHF345AR21tHhFLi"}
{"timestamp": "2025-02-20T15:08:18.824056", "action": "sell", "token_address": "7TfWYLTahJiXE3spjmMnfgsX3VKCqZmjj8dqf6GzVE3m", "price": 3.0206342381104756e-08, "tx_hash": "4oB3FTk8SyX2QrstZYfkjfUoa42QuDiEQQz4d5yawoFp2krWVeMG1cq7Bmezg3XyCsLqpaqBiaKMDRLF66s2jLbE"}
{"timestamp": "2025-02-20T15:08:44.115251", "action": "buy", "token_address": "2LunridZSh7SETPSEu2fsBZdLDhzDivW8jsodYH7s5y5", "price": 3.523154780139879e-08, "tx_hash": "33eew2Yvt5DipBnPkf6hi32cTcFZqQAqaPK2xs6ekfu2sKLQcVVfLXLzvi3MVj8oE5FQZMxzAqun3mFXFpRKYzQT"}
{"timestamp": "2025-02-20T15:09:32.853588", "action": "sell", "token_address": "2LunridZSh7SETPSEu2fsBZdLDhzDivW8jsodYH7s5y5", "price": 3.523154780139879e-08, "tx_hash": "FJasgJ7eJvG1a5VKs2g4HrWdVNBm3g8E9huAZFEnFFzU4WRi5uLx1NwcGYZ8vLhMCbPf3siDGJXhhc8xWSYkU6C"}
{"timestamp": "2025-02-20T15:09:59.835297", "action": "buy", "token_address": "2KBY6sjF16kQPThFjQV7WQC7vUfFJ9k5ZR3cAUcsxUUo", "price": 3.2902901814247404e-08, "tx_hash": "2Jydnuz4N7VDPSJh6ebwzY1a6SnG1tgMmAT7NFiFtwTB5rQZAFVZicfne4Suv5gCFsPUcivUjMCsXfrHYJnX1vDQ"}
{"timestamp": "2025-02-20T15:10:51.450675", "action": "sell", "token_address": "2KBY6sjF16kQPThFjQV7WQC7vUfFJ9k5ZR3cAUcsxUUo", "price": 3.2902901814247404e-08, "tx_hash": "hHvVza1AZ7LM5XG6mVvDpq8aPdqdpUUBc8zTNuRbauaf7FYtamF9XKMFwzMWZJZbD5LtbKCq3qEtqAciZsP88pf"}
{"timestamp": "2025-02-20T15:11:14.346508", "action": "buy", "token_address": "431ez6awooNYR49FaJZ8EFsxwaQJRUJvYxgLEwr2Rc4y", "price": 3.003288932960724e-08, "tx_hash": "4s69HaHmcwpQKKR3EnXYVutoEFVYDEXqrmGEuKdKGrzA3J5d8ubXQyHKeEwohesJ21xgwys2qJAY9Y6um29p7YRX"}
{"timestamp": "2025-02-20T15:12:04.699168", "action": "sell", "token_address": "431ez6awooNYR49FaJZ8EFsxwaQJRUJvYxgLEwr2Rc4y", "price": 3.003288932960724e-08, "tx_hash": "4YHwFsbejA3wgidsZFNibTVhgMxZzBHyPbQaKxhUhF71xCti7UnA6HsXeDwLmPwjbxg3DadXzZSZbFuW9btPJsab"}
{"timestamp": "2025-02-20T15:12:31.879855", "action": "buy", "token_address": "CidRBKgm1MX69t2MZdiD1wNT2qESd3acmCUT28CqAcjz", "price": 3.2627707509604854e-08, "tx_hash": "5TmoEwk2mFfFRAuw1YH8Tn6ibh6hzkrJPjE6bdCcWtXwMUxYQwu9sDHu7JusE7JUsaxkC1V3vkZ747jqPpDic3iq"}
{"timestamp": "2025-02-20T15:13:20.547807", "action": "sell", "token_address": "CidRBKgm1MX69t2MZdiD1wNT2qESd3acmCUT28CqAcjz", "price": 3.2627707509604854e-08, "tx_hash": "3KuUvLYCsw3YQzkEvbULjSXGMX6U7hYBdoR9wChhb5pXCFWyyPw5UqQLuXMxsAu1ZW42kRhus51GsqTxziVQ4K2a"}
{"timestamp": "2025-02-20T15:13:34.673283", "action": "buy", "token_address": "EKyLS8tAdiDCEE38HPWnfauMkRQs8KY9dWMSHExN1FKY", "price": 3.180146800636168e-08, "tx_hash": "5d74iyP6mT9SfzePApbVHasJCsAF5rK4ktebBe1BPt1WzNAaJyUdoTQvRKpSycGxueqgNw1buwc4o754awbCw9Vq"}
{"timestamp": "2025-02-20T15:14:24.706241", "action": "sell", "token_address": "EKyLS8tAdiDCEE38HPWnfauMkRQs8KY9dWMSHExN1FKY", "price": 3.180146800636168e-08, "tx_hash": "2mJgTaVYAWGVT6caFYYBm5izUPFVz73PrubL8e2DF3ymDs6LGZA7uiFDGpTUpvvuaKtq1MeAFG1g761Y91qjGRCk"}
{"timestamp": "2025-02-20T15:14:33.408440", "action": "buy", "token_address": "128mUvHAkzLCvDBdbu5YQvQmWdK9voe9n82vJEqVPvAi", "price": 3.0614477606299806e-08, "tx_hash": "2R1istv5ofoNzRsAxhs27qvHR7diYccjCCZWeCZA7BpLR97oRP1zMNMSs1Ps6XwKJ8XEfpKFc4hmaaPd4fqseMZN"}
{"timestamp": "2025-02-20T15:15:22.124787", "action": "sell", "token_address": "128mUvHAkzLCvDBdbu5YQvQmWdK9voe9n82vJEqVPvAi", "price": 3.0614477606299806e-08, "tx_hash": "o9CG5CUW9PnnMC3fCodbvu4ZrPmcoh4jPXBPfoi6YKwTCqj83UgDbE62DeGcgaLo41acGRKnXBGi2TYDQHU7ZKU"}
{"timestamp": "2025-02-20T15:15:32.153818", "action": "buy", "token_address": "P32wJ4RsappGV5shF7o3RCxpAJzabTGyJPCprgCpump", "price": 5.4402181171171225e-08, "tx_hash": "3LgZbbSjGr9ac7WtGarMeYe6JRLYNNN5phf5QF7d1wbJYLC6KRmALmnfgcyVur19k7eE27VUfWkravzemCkYNKHC"}
{"timestamp": "2025-02-20T15:16:20.069271", "action": "sell", "token_address": "P32wJ4RsappGV5shF7o3RCxpAJzabTGyJPCprgCpump", "price": 5.4402181171171225e-08, "tx_hash": "TFY6ZXyRSAM1TPEvwwCbLvk8CsCRTqs1aGHfRGGzgVTahQA39GA5W7ef1yyLPtvZrgvQtB4DpF12TuRCVb6Dvxh"}
{"timestamp": "2025-02-20T15:16:27.000967", "action": "buy", "token_address": "RdzstjYgpx2ws88HxYtqyLe1TnXc8Mgy2YHwYNNxNoH", "price": 3.3152077945435795e-08, "tx_hash": "4ayuBimnkPg5jGBQ3brBQTYyhFXtaHFH969Gi9ipXMMxNHiQRez8pDTE3RczoSgBfQsUnGUyu5zKQnaQmX4ZRWbU"}
{"timestamp": "2025-02-20T15:17:15.953007", "action": "sell", "token_address": "RdzstjYgpx2ws88HxYtqyLe1TnXc8Mgy2YHwYNNxNoH", "price": 3.3152077945435795e-08, "tx_hash": "2Epw2bSNn9mcqQZEUY5nxBpAPsvSX1BamBj5YTzPp8DRjmxfx9LJp9gxk1Rvh7rRgkMjA26f2eeBUD28UabGUZV3"}
{"timestamp": "2025-02-20T15:17:24.321562", "action": "buy", "token_address": "EgKFjakmbycD3ecMKS1V5kjtJ5ohbJdguaqzsZGWNg7j", "price": 3.319776638707672e-08, "tx_hash": "4pKVQT9Wz4RoMEDQYydYxFPWrK4VsQF69gEKE4ev6CacSaXhAMtLCXQpaHQiKscQRWfnSvyZ4uqd7CSrrb23rUbb"}
{"timestamp": "2025-02-20T15:18:14.123031", "action": "sell", "token_address": "EgKFjakmbycD3ecMKS1V5kjtJ5ohbJdguaqzsZGWNg7j", "price": 3.319776638707672e-08, "tx_hash": "4BDSzMi6YDtHShWp6zzXrD9vLZ2V8J5x6wa4fArfsDUgAA285GrCgKhxa59FKg7vj6GmEHaSDVv1Mu5btrBWf3ED"}
{"timestamp": "2025-02-20T15:18:37.345387", "action": "buy", "token_address": "WS42mRytGLNtgmjMKy2iG2hW2xgo7E8wLMoUweb8UiM", "price": 3.008761555105471e-08, "tx_hash": "3cMUYsavFrpzaeYd25VC21by6nu3RJ1xYfmwTGy9yw3byLq4BYwRvPghniaab6mUR22mpGFu2xRFDkaTWaYGD3po"}
{"timestamp": "2025-02-20T15:19:26.066684", "action": "sell", "token_address": "WS42mRytGLNtgmjMKy2iG2hW2xgo7E8wLMoUweb8UiM", "price": 3.008761555105471e-08, "tx_hash": "4CkXHULVVAHut1S6TfrWf8BFi2NeDKXv1pPk7z4NoVg9y328fuKCSV2td2RDk1NensJgXiWmqPpsX2G6jhM5FffZ"}
{"timestamp": "2025-02-20T15:19:47.228450", "action": "buy", "token_address": "59T8unF6fyJYUD5GZtDq2TJukVRq9faSUFeyBR7heKNP", "price": 2.961755604222432e-08, "tx_hash": "2ZeiEY7QkcM6v9dHTbmc7oTBoFvxHoZjsMFyDjnsizimAXp9mtGRekHdjNozZSjvowFAbyKmahULHKNR7NsxYpfD"}
{"timestamp": "2025-02-20T15:20:38.820354", "action": "sell", "token_address": "59T8unF6fyJYUD5GZtDq2TJukVRq9faSUFeyBR7heKNP", "price": 2.961755604222432e-08, "tx_hash": "5apLdh8UZpQJ4JT1zEHySpECgTaM6w9RsoHtjGNwc7ihhWgF3BoJZ6beFbVBwKTKXGVi7ZMg3dT7LmFwxBySQneb"}
{"timestamp": "2025-02-20T15:21:02.511814", "action": "buy", "token_address": "Cj8qeYpjcheP7HvMzJduTKHuoYEHM1RuMz9G9Dxeqayh", "price": 3.0478673169928795e-08, "tx_hash": "3NLwWEfeAJjemj5Kv5ZJTvsGzfo7Lqdp5HFcncFtA25zktAH6iKwTwN8MgycnGvzLB2j4kTAfBrAumuUqsWKKZ9k"}
{"timestamp": "2025-02-20T15:21:52.162119", "action": "sell", "token_address": "Cj8qeYpjcheP7HvMzJduTKHuoYEHM1RuMz9G9Dxeqayh", "price": 3.0478673169928795e-08, "tx_hash": "2azXQKgW9GoaU6boQiEXvQEEt5sSJVYZjfAqyC165KAdmFvY6K9xrtEqwcLaUYP2A1Rf992UNzYaZA4MFDvcv2ry"}
{"timestamp": "2025-02-20T15:22:20.245321", "action": "buy", "token_address": "4rMrY8sqaCjPfn4VJPZFDmLC5F8h6qs8fXcVkVw8fT1S", "price": 2.8711309747455315e-08, "tx_hash": "3a7pAcHrZmGbEuzFfzHQVFzxsX5K4qJXqVcfPUtndAd4xvBZ4c1S7fYk7uBNtMDo38yn5dgEFFjyH6FdQfBXB7Lw"}
{"timestamp": "2025-02-20T15:23:08.699274", "action": "sell", "token_address": "4rMrY8sqaCjPfn4VJPZFDmLC5F8h6qs8fXcVkVw8fT1S", "price": 2.8711309747455315e-08, "tx_hash": "3WywFSE1LsvXShn6jVNxnC7D7vUG7WA545Pc78NAH591LdCo3xYsxA72gEsDtsNTst6LD4QwpeUoPdRsHPbjyzyz"}
{"timestamp": "2025-02-20T15:23:31.959248", "action": "buy", "token_address": "DkPMvM2u7DyNEtD6cvTSrPi9uN5hzKdiarYvNQHYY3Z3", "price": 3.3894796369827914e-08, "tx_hash": "5x2H4NuV3hiocdyzkVeKM2R3YoPtainJTE3t6ejMXx3GVCmXByQhV7S4dkafkFBpmHCu7LswgVdVe9apMmhLnKFM"}
{"timestamp": "2025-02-20T15:24:20.854646", "action": "sell", "token_address": "DkPMvM2u7DyNEtD6cvTSrPi9uN5hzKdiarYvNQHYY3Z3", "price": 3.3894796369827914e-08, "tx_hash": "3RD8DyAZGeuFPPAM8Rwn1hJwiBGMxELPbp9tddbi4xjhn95LaodkuMKEmgG9R7XyQPWJSb4bXumaXaKNi4F8AEiE"}
{"timestamp": "2025-02-20T15:24:45.157229", "action": "buy", "token_address": "3CEvrfUVFncsbdoyysUreSK5LmBFYYCxa48KeY3Mpump", "price": 3.682502610166433e-08, "tx_hash": "GTvsDi1QN7L4YsMcnSYsYGN8JxV9apuMEnkcdtUfECvyKiywgjx18RoDJ39vNzC4Hv4F1Yfybd8dRaddL3uhsGa"}
{"timestamp": "2025-02-20T15:25:36.800983", "action": "sell", "token_address": "3CEvrfUVFncsbdoyysUreSK5LmBFYYCxa48KeY3Mpump", "price": 3.682502610166433e-08, "tx_hash": "4qx1hxm322nwvEz4Qn2141FNLx6c2CpJZEoUgFLUBa9CDMPwGQW934ZFUPTCyhshwQrXPUPPcDhtcrciGRruBnSR"}
{"timestamp": "2025-02-20T15:26:00.659989", "action": "buy", "token_address": "MyiT9CmiMMsfvfHFbL2KoYAFKj8YwD1BoXZHUdzgZHe", "price": 3.51625751476957e-08, "tx_hash": "2c4mT3JHBZKPcmyhA2XQ4nfH3Zv9d8kv1VMkT7GWtGap146R6rMYcwd9LimKqrwBDKSbRumWQQXkFHafaTcaUJa7"}
{"timestamp": "2025-02-20T15:26:49.893196", "action": "sell", "token_address": "MyiT9CmiMMsfvfHFbL2KoYAFKj8YwD1BoXZHUdzgZHe", "price": 3.51625751476957e-08, "tx_hash": "2QauLyqxSUgvSkezjsvyEnnvTRkgdTAr5URGxiA9nNNPR1MxVQyaAAqr5XkLi7KCQv3MfL7k4NayXBGfQQMQBEZv"}
{"timestamp": "2025-02-20T15:27:10.847869", "action": "buy", "token_address": "DkZqVUeEzKmbv1wFsD4UhnhCjzGrV41cWwcvgKJMzYzu", "price": 3.5015116280959e-08, "tx_hash": "2goQZeYGTPpuU4GUDkYGXh3ryfFiDqz3ApXiBNsNGpdJhHPLNZRzPbBfeEXxuGRit85mNvywrG838TxaoystPC3n"}
{"timestamp": "2025-02-20T15:28:30.128746", "action": "buy", "token_address": "7LBDgyeiFz2CYvDShRVsfUwQnxcE62pZTH4jpa85pump", "price": 3.601605409070365e-08, "tx_hash": "3nrTDQhSvM4medSXQgHKVwcZkor98c63CuWCUc21bEAJhNH3onrnwRE3V3kAzxiaYa1DixVKArGXVKRoPoLkPyfF"}
{"timestamp": "2025-02-20T15:29:22.010756", "action": "sell", "token_address": "7LBDgyeiFz2CYvDShRVsfUwQnxcE62pZTH4jpa85pump", "price": 3.601605409070365e-08, "tx_hash": "4iUdwbYi9Ynn6KbTWKNSVH7LB1quTmKYUysVS7K1ihrj498Ro9NdiXE5CogEfqctfhMZunnMGviffa5R9MjyZUiv"}
{"timestamp": "2025-02-20T15:29:49.515453", "action": "buy", "token_address": "CN4oT7q2b2zsGHgw8cBptk2Ged4HiB33b6Ys6wJQpump", "price": 3.074274203142017e-08, "tx_hash": "h2tziHMc9sJVr6ZJSJXW6BaxAANM4aYER69tXV2Fx8sXXwGq1P42RUKCnKcSDusKKi28Rz8123cnU7jsxwyXVsT"}
{"timestamp": "2025-02-20T15:30:37.517319", "action": "sell", "token_address": "CN4oT7q2b2zsGHgw8cBptk2Ged4HiB33b6Ys6wJQpump", "price": 3.074274203142017e-08, "tx_hash": "4Bujyj2B3hJAyAxhx8crMrqpMGQCmb4cJkZvzuesjZzbMsLPLpXfVC5naojDc67QzBKiaQLRMqfw4mQXioayiSNt"}
{"timestamp": "2025-02-20T15:31:12.526816", "action": "buy", "token_address": "2Dbp6DV3Btg6v8M6HgKcqVMFZ4S4QqeGpi6tzS5RcWsk", "price": 2.8052267785026388e-08, "tx_hash": "2La82Gp3joFuYQ8gUmK4oDr444ApZx1JCMrAueULkooivD9262nHxfWER8rFuCugT9hwH4GHJG6Uvm46TLdnzFTt"}
{"timestamp": "2025-02-20T15:32:03.370100", "action": "sell", "token_address": "2Dbp6DV3Btg6v8M6HgKcqVMFZ4S4QqeGpi6tzS5RcWsk", "price": 2.8052267785026388e-08, "tx_hash": "rR27G5rCCjwA1eKo1hHYAkjyW17q4zrpBxhY3cJnDRQ2UrY6buJDvrHwWvaZvfuWUdGiv2zzvJnTwc868Q9WTy5"}
{"timestamp": "2025-02-20T15:33:15.717956", "action": "buy", "token_address": "3gJbZpTAue6doCv6Nh5k2vVawAKGdQbyAeVmdy8UjLyL", "price": 3.5911773842808325e-08, "tx_hash": "3XhYA4ozNAjdE8fZypaYwYhWRjcbXeAjgfBVRsQeaCDWwWpLqBf8hTHV1mSuieALNVGXVbgUdysjhXaay185Uz1s"}
{"timestamp": "2025-02-20T15:34:35.030239", "action": "buy", "token_address": "5a6t8b5BznkpcxsVDHXSPmFpV4fraPRYMZTneAxypump", "price": 3.5974853969000906e-08, "tx_hash": "XW632jFBr8JcSdSgsEvgKiV87tefkA9UrxoEKPbbmK2mD1gdjNuf95wfBmywUB4WtXBv9u6ivsKE2pkW8kTez31"}
{"timestamp": "2025-02-20T15:35:24.263895", "action": "sell", "token_address": "5a6t8b5BznkpcxsVDHXSPmFpV4fraPRYMZTneAxypump", "price": 3.5974853969000906e-08, "tx_hash": "5REfZshvuL6tf7dqTevSLHNRhg3vTmcHwQ6V8k1NuTins6eoN1NSrE1zNRKMEzGKFDtsUJshkAp4u36je3hwgpXp"}
{"timestamp": "2025-02-20T15:35:52.840276", "action": "buy", "token_address": "7vjX7RpbGdvoh59EdPtU6Vc7wRT3W5Erxk2cDfWgpump", "price": 3.7307826230984266e-08, "tx_hash": "2NfVYCQh3kSJgLpCV1DkfXCFff7KyJSAMKaFGLTqrE4fHTK9ofWrXqLMbZkbWZVoTUbpEU2rUfCxQuNqu2JzK5Ke"}
{"timestamp": "2025-02-20T15:36:41.630346", "action": "sell", "token_address": "7vjX7RpbGdvoh59EdPtU6Vc7wRT3W5Erxk2cDfWgpump", "price": 3.7307826230984266e-08, "tx_hash": "5amXjcSW5LZPvAPKzNzXW8dfVcoJanPH5vZ9tKK3n3WzbQsnZ1439Gepe8vDeVVRfokpzyYDMVEk7nMh6SbxQXyS"}
{"timestamp": "2025-02-20T15:37:17.563004", "action": "buy", "token_address": "4pXNtWRKCVzcCizYjA2Np2tAcMRgHDd69Sppm2eGraaj", "price": 2.8224818694156634e-08, "tx_hash": "67esfGUCyz4iHjCTeCWAd8UWJ2Huu2vM7XDQfhctupN68QPX32M6ASrNx9yqB9soM3jFe4EKiAMEEkfZ3A3CQioM"}
{"timestamp": "2025-02-20T15:38:06.529034", "action": "sell", "token_address": "4pXNtWRKCVzcCizYjA2Np2tAcMRgHDd69Sppm2eGraaj", "price": 2.8224818694156634e-08, "tx_hash": "2QgfwU3bLLWT5zPn1QShjGhdgDtH7qqFF3AhcXdoszjP444BUSvowauJspMZ4mYnfsPFXrfbd6vzwLD4DnPtbFMB"}
{"timestamp": "2025-02-20T15:38:33.241384", "action": "buy", "token_address": "FDDPPz68PXWdfbDMJkgMVdU4VRqhddctmR5qMtix4ich", "price": 2.8086395171783444e-08, "tx_hash": "4FosqnwuC2QAVGXEDpGFu82EKnyp7V4zpNzvMwktTauVesn3WLSBbP68ie4Q3EvXZvze1mrQ9BfyT1b1WfkaNdbD"}
{"timestamp": "2025-02-20T15:39:21.953432", "action": "sell", "token_address": "FDDPPz68PXWdfbDMJkgMVdU4VRqhddctmR5qMtix4ich", "price": 2.8086395171783444e-08, "tx_hash": "67VEjykcQWviQTMiWsfUqDGiHHTRzpt1eUWZ8uqWhwAVEfb6oMTTJ8N4tc95HktQtEyLYChfDy3QCg4sGQgXNcQR"}
{"timestamp": "2025-02-20T15:39:52.625311", "action": "buy", "token_address": "BBGZZGZ4zSH6xAK81SBA6ra33DkCf1URRQbkK8uNnSTp", "price": 3.8163069360845744e-08, "tx_hash": "2CMvAkS2GDGoTB99mVD8ouQ9s98dbTQyK4CJVRS4EVDMgGrWUsk54FF46JgQmowrZdjhk5GMYDbBV4UJ8Srytm9x"}
{"timestamp": "2025-02-20T15:41:15.192493", "action": "buy", "token_address": "BseuYTAYGX8TEYzc1sKRRFSYQhBBr4cFC5gFULrVpump", "price": 3.441374015757736e-08, "tx_hash": "39KMub4iXwFw72w43c2JqHxSLYjnuycP1TsNyNTvoAfjfaQXKDRNUmZUsktQtMNRPacjxyMaEpSzpyK5Mha8Pwkz"}
{"timestamp": "2025-02-20T15:42:04.625558", "action": "sell", "token_address": "BseuYTAYGX8TEYzc1sKRRFSYQhBBr4cFC5gFULrVpump", "price": 3.441374015757736e-08, "tx_hash": "4N4GEoZkAV8Db8GpHi9GtLHiYoFoygMtZNhSFhQXqYjyNyAnDDFNKt1HB1kQADGQ5HBNpx5GVRtmNicYZP1AHWBW"}
{"timestamp": "2025-02-20T15:42:39.522464", "action": "buy", "token_address": "9XDAD3xJkAET2pA9GhxafJ1VaQCwT3KeiApitFmmpump", "price": 3.2010251630941254e-08, "tx_hash": "3xGLsvAiEyYULkSuq2SpUddvYutbLTBukrNrF516Q6H1WLDRD6ZYSgT4FmD4vh5h5avWBpsiw98MsTLYBFqyqTuK"}
{"timestamp": "2025-02-20T15:43:28.754867", "action": "sell", "token_address": "9XDAD3xJkAET2pA9GhxafJ1VaQCwT3KeiApitFmmpump", "price": 3.2010251630941254e-08, "tx_hash": "5cdSZDttBjz5zRVrCZRPcghCNt8oJoRfyCi13DMUJV7nKLGjSMgiB2HbgcFAZEZzAdPLAbYY47YpmYtnx6uMsVpW"}
{"timestamp": "2025-02-20T15:44:23.100436", "action": "buy", "token_address": "3zygATNM4ExizqRgBccSUJchnhF7HQRsK4ASdzg3niz7", "price": 3.1197766388092905e-08, "tx_hash": "dWeZLypvb9Mz1Qg6YPELegQgLnT9pw56chdWammBhfh8Mm6vtDtd5GDsNS6xGYq5nXYCB84xvzyWzMcurQG47r8"}
{"timestamp": "2025-02-20T15:45:12.690304", "action": "sell", "token_address": "3zygATNM4ExizqRgBccSUJchnhF7HQRsK4ASdzg3niz7", "price": 3.1197766388092905e-08, "tx_hash": "5ugdm13rxnMpueovpFShgsa8UhPDUjZXwTKxjKJAwibzPYzdUPhAZMpReochiZUmp284DPCfvhCarxXutqprZTwo"}
{"timestamp": "2025-02-20T15:46:02.911620", "action": "buy", "token_address": "GjcFmztnwkL4J4hG4NUPmmGR9N8KSJS6XcpDhKo78m15", "price": 3.6814900123248386e-08, "tx_hash": "4qT4vWiNfnfA8EXTRE1ia48LVDm237JPGZwgReCKcdQMGZRJmvzbUJPAcCxYvs7W986TUWPX3YQQJBnB7PJYYr1v"}
{"timestamp": "2025-02-20T15:47:25.334158", "action": "buy", "token_address": "Gip93yi7s2JpSnb93m9TN58bF5dKEMaf6kFkweTkwNg9", "price": 3.18642063505918e-08, "tx_hash": "5J3y4XGG1Wb5w2HDHFWXt9VLp1UtkUBRenoQCsiCj6M5uhKZD1mfFRMwEbLew5ef7LjYexMg1LDMhaxmPUiz2U1f"}
{"timestamp": "2025-02-20T15:48:13.994199", "action": "sell", "token_address": "Gip93yi7s2JpSnb93m9TN58bF5dKEMaf6kFkweTkwNg9", "price": 3.18642063505918e-08, "tx_hash": "5L8VNx6yPJAeNKJpkjrx2vGAogyDj2HLkRb8DV3Xgd7CLXR5PJD6yhQDeRifr4UrZoaFvCfi7nGXsZSghH4vhrMk"}
{"timestamp": "2025-02-20T15:48:44.381811", "action": "buy", "token_address": "Bn6BqCRzKwEz8PLgh3BcJaCLsnkGpHcZ7okaAiSxpump", "price": 3.383038210624416e-08, "tx_hash": "4fz4BC4JNohxzbhTVbXpD16etjcS15aX5Ueu83P9THhffobbYAvhgje3shg5StED4wwhNw1dN6HJHv1Nrqe2xEJS"}
{"timestamp": "2025-02-20T15:49:33.166568", "action": "sell", "token_address": "Bn6BqCRzKwEz8PLgh3BcJaCLsnkGpHcZ7okaAiSxpump", "price": 3.383038210624416e-08, "tx_hash": "4sgUDYcMDAVcTHAWDXAmFUjfKp6jDdkgSo2KVioHNUAcebfBi2otJ5tTzVT6Rvsn9DCg6RKrFk5vvcH9yBS4MDDp"}
{"timestamp": "2025-02-20T15:50:13.276844", "action": "buy", "token_address": "51Ck6RGhp9GD3RnrdzUcA1dKVVRTdA7BazYJPAnmsv7g", "price": 3.179556343202038e-08, "tx_hash": "3oGtwhZ8ejgnHX62CWcs1L76xzW7qeQRQpu5UxNomcbjvkEfNXUDSAAvTfqWtN1apbHGBN81e53YCEruZg3Tnuza"}
{"timestamp": "2025-02-20T15:51:02.136220", "action": "sell", "token_address": "51Ck6RGhp9GD3RnrdzUcA1dKVVRTdA7BazYJPAnmsv7g", "price": 3.179556343202038e-08, "tx_hash": "46aY3xx9NcpNfh46BYua3D1XidtM5nitb4ShSzTz67W4GXpTiaWh7Pssxm7WeL8ppRoiDcgmgYKJcWh94eZMYJyW"}
{"timestamp": "2025-02-20T15:51:40.782875", "action": "buy", "token_address": "F2EuNf7yigvfUGkZ7g68teFKVPCUVTD84q1F51jYqBC4", "price": 2.826421157976865e-08, "tx_hash": "5AhAwgFxANUngpfn66zEoKLQqFNRFYxmZTR4gNvv5ALhc5PVoeaWEEkUqkLumdQVaxXpUYfXyywZroy2sAwQEVW8"}
{"timestamp": "2025-02-20T15:52:35.810487", "action": "sell", "token_address": "F2EuNf7yigvfUGkZ7g68teFKVPCUVTD84q1F51jYqBC4", "price": 2.826421157976865e-08, "tx_hash": "66GkUcKUhFHA17KWzzWMyKKSgxDUfsGz5dhbREgJWto5VtgwDyPNnZMfZCDixYcscfz8X13Wbgft66SZXVHS85X6"}
{"timestamp": "2025-02-20T15:52:59.427827", "action": "buy", "token_address": "DgpF15koPM1wMbkRtogr92GVxM55KNrz2XNy6zn5Fxeu", "price": 3.353999560145534e-08, "tx_hash": "2gdC9pdZTC8WbxJRYHiqNTQfESkoMHoUvDDJCPugPeUBtTWhr8oiPJ1Snbu26yLcWAP6paShQ94VHBsMtWQGnD6P"}
{"timestamp": "2025-02-20T15:53:48.935809", "action": "sell", "token_address": "DgpF15koPM1wMbkRtogr92GVxM55KNrz2XNy6zn5Fxeu", "price": 3.353999560145534e-08, "tx_hash": "3JAWfvTQ9TySFKTUjP9mdcvkiU4RNyH9fu5e7JCSDYTLZ4QH4nSBWf7sNHxHZAdpKSjDhaBYg968WaKLrJr2FpbN"}
{"timestamp": "2025-02-20T15:54:45.549239", "action": "buy", "token_address": "5pVD2cyJRP8VvAH1QeV69zBpGr1MQ8FKdFwoYXsJGfw2", "price": 2.8224818694156634e-08, "tx_hash": "4RqWnPyBkzFqFB33NSwLSkJJiSV3Fq6gNcwKdjbVHVMyD7wTgvi5cUSXJJNfxLd5AfrRHNJsJz9epYFqo5q4DKGG"}
{"timestamp": "2025-02-20T15:55:34.147675", "action": "sell", "token_address": "5pVD2cyJRP8VvAH1QeV69zBpGr1MQ8FKdFwoYXsJGfw2", "price": 2.8224818694156634e-08, "tx_hash": "4LKKpYgny9oYnMRHpQabsT7smjuno5mkccZGSB62PQCwUakdTVDebb8EXVnopP4YMjqePiW4R4kt9aszYMmjyC5o"}
{"timestamp": "2025-02-20T15:56:03.533395", "action": "buy", "token_address": "A8zmce3PKfkspGMECdnuknJyzAmkMrjorAFcKM4B8NF9", "price": 2.869628609253221e-08, "tx_hash": "2VHF9e6QpFThNVsr84DAKzv7xrRif4Ka2yNuSfXY5GeuopdFiDzHySKjgWQUxWTz8mLvXdonS1EdeTno4KzokrTA"}
{"timestamp": "2025-02-20T15:56:53.079635", "action": "sell", "token_address": "A8zmce3PKfkspGMECdnuknJyzAmkMrjorAFcKM4B8NF9", "price": 2.869628609253221e-08, "tx_hash": "4mSguDELnZ93eDTXUFKt3HrM53XiaMxoKbNhNF3tJ5VF6xYVq6Mc1bDrKc3uiqdXZNnJxBSXj5WiFftmNpqYKm9G"}
{"timestamp": "2025-02-20T15:57:26.050442", "action": "buy", "token_address": "HoKs9tSR9WYzGFdrUKdkyB17dsUPuJg31PaTwFoipump", "price": 3.094484380565461e-08, "tx_hash": "4UCp361vJzW95t7btWMwru6ZGKnQLb22UcEVYCEmQUvW1ivEYuqBLZTydm1kS2zC5GNnsdQ5iuaUfHWmZCALNaaL"}
{"timestamp": "2025-02-20T15:58:20.709674", "action": "sell", "token_address": "HoKs9tSR9WYzGFdrUKdkyB17dsUPuJg31PaTwFoipump", "price": 3.094484380565461e-08, "tx_hash": "2FAvD8DmvVZJWofNtHfNAeJdhyoXynZr1ofjzNmeFzS1tVCWEaFCVvtSiLyBUjomvyVaLVnoRNAaBvZGuvqH3BmR"}
{"timestamp": "2025-02-20T15:58:49.214806", "action": "buy", "token_address": "CgoXXAZ5UCqQwMhT32xdRsoStVY9euyYtpfPZyT3Ew4Z", "price": 2.8110786300589944e-08, "tx_hash": "2ehKsmxN3yJBDN2XTLvogao8HqQNVKwbd4ay52mEpyqTfHVCAvKJ8RnTLSzdpG6ugKZsmmUbNzGvQBfZgdHRfCsv"}
{"timestamp": "2025-02-20T15:59:38.791143", "action": "sell", "token_address": "CgoXXAZ5UCqQwMhT32xdRsoStVY9euyYtpfPZyT3Ew4Z", "price": 2.8110786300589944e-08, "tx_hash": "3bitrSzrqkAi9ynNGD7FVNJwyYCJBDpVwxqyrCwX94KM7vUsb4vr9JkLNWWDQTqykf1N9CtebZuDmJRFVS7hkZKv"}
{"timestamp": "2025-02-20T16:00:11.537458", "action": "buy", "token_address": "8vpWDoCRvY8XANGtU9qFAbxG4vFhEa78A1rHqiTwV59N", "price": 2.8110786300589944e-08, "tx_hash": "58sBLRGMkG3rFiyxyzqEAyiFfTVmS9GhTmZ43dDmq6wt1qRU5ubJRq4XXd6HSXaJJeJy5ysAk3Nsw3TtYignnqwS"}
{"timestamp": "2025-02-20T16:01:10.778952", "action": "sell", "token_address": "8vpWDoCRvY8XANGtU9qFAbxG4vFhEa78A1rHqiTwV59N", "price": 2.8110786300589944e-08, "tx_hash": "37EkWX5PX7uYdpPSPoET81K5erjq682onwkM6fNpapYyghofgHB2tJfzpsHmmoEaB1L39W7uSvsWMbUD2ERrhJRZ"}
{"timestamp": "2025-02-20T16:01:37.941682", "action": "buy", "token_address": "2GhM7mdhsigqnbFtfCGmr51A1Acp6Uk3ccnDYTMD7kSb", "price": 3.326117707365828e-08, "tx_hash": "4urrfvieoNzApdfv88dgjneTXMkVgzE76owAcR9XBbwpEfwVf2NkFaKiKYYAumDKqmNrVFsdqWJgixp1t2uJ8eQp"}
{"timestamp": "2025-02-20T16:02:51.988079", "action": "buy", "token_address": "7ZP5fDfUvortRKKTeAp5kcB27MYJCiMYkAbHZ9tUEDSH", "price": 3.265365808395031e-08, "tx_hash": "66hCdxpUfy5agwKJNNbj8ouQhnneLe25WnuQ6W1VKDowGcExHFbW96C2CX8SypA8rYjUUj6VhRzynf7ngEsxrEch"}
{"timestamp": "2025-02-20T16:03:40.499088", "action": "sell", "token_address": "7ZP5fDfUvortRKKTeAp5kcB27MYJCiMYkAbHZ9tUEDSH", "price": 3.265365808395031e-08, "tx_hash": "4Uoxa5AWkQLDtx6Z1838McKbujgg94icYNuSvkfAA9TwfswFJXc6acCHJ9progEeJMc3ee3c4FECUnvM7up27sH7"}
{"timestamp": "2025-02-20T16:04:11.910545", "action": "buy", "token_address": "AYoKEytfG4EtYGnjhZjsHhHa44vWb1suaATARGDgVZi", "price": 3.1263957656391934e-08, "tx_hash": "23GEZqYCj3gm5v2Y73WYjLBBmGeGCFaLKiTwoieUEoaMLnnCMJcdVEepTbvrfDSK7o4ph72e6tW7ciEduuou77Ui"}
{"timestamp": "2025-02-20T16:05:29.943943", "action": "buy", "token_address": "Fi9kgbzsX3zuvWikLpwhVo5fhBnX9ks1GgqoWHfoEz5P", "price": 3.03295981958226e-08, "tx_hash": "2DymmLQ1KsNqVPj6hoMVVPAJTePn75G2DaHGPxaY966ZJgNigxCWZdrJRSPQU7ppuL8pwF6XBX56brs1tTLb8PDc"}
{"timestamp": "2025-02-20T16:06:31.630347", "action": "sell", "token_address": "Fi9kgbzsX3zuvWikLpwhVo5fhBnX9ks1GgqoWHfoEz5P", "price": 3.03295981958226e-08, "tx_hash": "5jfHEZotai2eTWA95HRuTkijQfjGJcgAEdnpTPu9bTGAT1B6ndtqRB2KGAbsbSo4LjAv2mku48tGy1JV2cWRxyMb"}
{"timestamp": "2025-02-20T16:07:05.979340", "action": "buy", "token_address": "yf1QXhqFF9XqX1PHsiWsz2E28zGdVkChBubpvAFzYzY", "price": 3.4526972200751255e-08, "tx_hash": "396EHTtDy3TWpThnrPa4wMYAqVQEdHQ2MhnUrfCwgwaNCGWsBX7Fmzg1eFDncDervwbN8GFcZ4sEnBtcd5wPUusG"}
{"timestamp": "2025-02-20T16:08:21.486410", "action": "buy", "token_address": "6PwyVUbAuSg9dur4ZfUGxLe27YapMrxA75NVxjXk8Chu", "price": 3.322296790099142e-08, "tx_hash": "FpjJQkQDzAKZ2xcKpSnXxw6u3qVtVE1LdwDw216FV7xmJPNDCBSjh3qPhTW1Gf2utAXzFjePZEKSKk1t6dPUmTT"}
{"timestamp": "2025-02-20T16:09:12.645338", "action": "sell", "token_address": "6PwyVUbAuSg9dur4ZfUGxLe27YapMrxA75NVxjXk8Chu", "price": 3.322296790099142e-08, "tx_hash": "5M7ecu2QrZYe2DewqQKuT1wDPZsHw5p28PyyGvLMLkoHkFSFQ2FYWGFZZTZbymDAJVh1gwLooBQLtQwp5BAysP7i"}
{"timestamp": "2025-02-20T16:09:41.653910", "action": "buy", "token_address": "7rUhZkLEbxYMyBM8EhAnQeKHviVA8qyPw1XJDAnycn2Q", "price": 2.808073307061181e-08, "tx_hash": "66YavMaT5EPghE5dTxdPtZZxUMWPcqCiz54vbaNJKyQs9zRwfMNfY6y9KbhVUcEzC999xQZGZivF4SLJEWtmBnDF"}
{"timestamp": "2025-02-20T16:10:38.830405", "action": "sell", "token_address": "7rUhZkLEbxYMyBM8EhAnQeKHviVA8qyPw1XJDAnycn2Q", "price": 2.808073307061181e-08, "tx_hash": "4qKHp4X1rjpqr5LGiCG1appf1EKH8j7K9mAwbA756Mo2TXGJjUU1Muh5XujjmxQpuMaH7AaVnSHtueXCuRPyNgES"}
